[0828/113333.103:ERROR:process_info.cc(329)] VirtualQueryEx: Access is denied. (0x5)
[0828/113333.124:ERROR:process_info.cc(556)] ReadMemoryInfo failed
[0828/113333.124:ERROR:process_memory_win.cc(39)] Failed to initialize ProcessInfo.
[0828/113333.125:ERROR:scoped_process_suspend.cc(40)] NtResumeProcess: An attempt was made to access an exiting process. (0xc000010a)
[0829/151747.609:ERROR:process_reader_win.cc(182)] ResumeThread: The parameter is incorrect. (0x57)
[0829/151747.610:ERROR:process_reader_win.cc(151)] SuspendThread: Access is denied. (0x5)
[0829/151747.610:ERROR:process_reader_win.cc(151)] SuspendThread: Access is denied. (0x5)
[0829/151747.610:ERROR:process_reader_win.cc(151)] SuspendThread: Access is denied. (0x5)
[0829/151747.610:ERROR:process_reader_win.cc(151)] SuspendThread: Access is denied. (0x5)
[0829/151747.610:ERROR:process_reader_win.cc(151)] SuspendThread: Access is denied. (0x5)
[0829/151747.610:ERROR:process_reader_win.cc(123)] NtOpenThread: An invalid Client ID was specified. (0xc000000b)
[0829/151747.617:ERROR:process_reader_win.cc(151)] SuspendThread: Access is denied. (0x5)
[0829/151747.617:ERROR:process_reader_win.cc(151)] SuspendThread: Access is denied. (0x5)
[0829/151747.617:ERROR:process_reader_win.cc(151)] SuspendThread: Access is denied. (0x5)
[0829/151747.617:ERROR:process_reader_win.cc(151)] SuspendThread: Access is denied. (0x5)
[0829/151747.617:ERROR:process_reader_win.cc(151)] SuspendThread: Access is denied. (0x5)
[0829/151747.617:ERROR:process_reader_win.cc(151)] SuspendThread: Access is denied. (0x5)
[0829/151747.618:ERROR:process_reader_win.cc(151)] SuspendThread: Access is denied. (0x5)
[0829/151747.618:ERROR:exception_snapshot_win.cc(98)] thread ID 16040 not found in process
[0829/151747.618:ERROR:scoped_process_suspend.cc(40)] NtResumeProcess: An attempt was made to access an exiting process. (0xc000010a)
